[2025-05-23 12:11:58] Mod: "Towns Root.mod" (ID: ) senza tag o info corrotto, assegnato a Miscellanious
[2025-05-23 12:11:58] Mod: "Reactive World.mod" (ID: ) senza tag o info corrotto, assegnato a Miscellanious
[2025-05-23 12:11:58] Mod: "Reduced Particle Effects.mod" assegnato tramite masterlist a "[8.1]--------------------(Combat).mod"
[2025-05-23 12:11:58] Mod: "shoppingecon.mod" assegnato tramite masterlist a "[8]----------[Overhauls & World Changes]----------.mod"
[2025-05-23 12:11:58] Mod: "Nightvision+.mod" (ID: ) senza tag o info corrotto, assegnato a Miscellanious
[2025-05-23 12:11:58] Mod: "Reduced Weather Effects.mod" (ID: ) senza tag o info corrotto, assegnato a Miscellanious
[2025-05-23 12:11:58] Mod: "AnimationOverhaul.mod" assegnato tramite masterlist a "[1.2]--------------------(Graphics).mod"
[2025-05-23 12:11:58] Mod: "Compressed Textures Project.mod" assegnato tramite masterlist a "[8.1]--------------------(Combat).mod"
[2025-05-23 12:11:58] Mod: "Trade Prices.mod" assegnato tramite masterlist a "[8]----------[Overhauls & World Changes]----------.mod"
[2025-05-23 12:11:58] Mod: "Kenkyaku_idle_01.mod" (ID: ) senza tag o info corrotto, assegnato a Miscellanious
[2025-05-23 12:11:58] Mod: "Community Part Map.mod" assegnato tramite masterlist a "[4]----------[Game Starts, Minor NPC, Animals]----------.mod"
[2025-05-23 12:11:58] Mod: "Fixing Clipping Issues.mod" assegnato tramite masterlist a "[1]----------[UI, Graphics, Performance]----------.mod"
[2025-05-23 12:11:58] Mod: "More Combat Animation.mod" assegnato tramite masterlist a "[1.2]--------------------(Graphics).mod"
[2025-05-23 12:11:58] Mod: "Idle Stands.mod" assegnato tramite masterlist a "[1.3]--------------------(Performance).mod"
[2025-05-23 12:11:58] Mod: "More Combat Stance MIA+.mod" (ID: ) senza tag o info corrotto, assegnato a Miscellanious
[2025-05-23 12:11:58] Mod: "Weird recruit.mod" (ID: ) senza tag o info corrotto, assegnato a Miscellanious
[2025-05-23 12:11:58] Mod: "Kenshi_rewritten.mod" (ID: ) senza tag o info corrotto, assegnato a Miscellanious
[2025-05-23 12:11:58] Mod: "yet_another_kenshi_nude_mod.mod" (ID: ) senza tag o info corrotto, assegnato a Miscellanious
[2025-05-23 12:11:58] Mod: "Idle Stands Patch.mod" assegnato tramite masterlist a "[1.3]--------------------(Performance).mod"
[2025-05-23 12:11:58] Mod: "42 Unique Recruits.mod" assegnato a "[3]----------[New Races, Race edit, Cosmetics]----------.mod" (tag corrispondenti: ['Characters', 'Factions', 'Races'])
[2025-05-23 12:11:58] Mod: "Project Limos.mod" assegnato a "[6]----------[Buildings]----------.mod" (tag corrispondenti: ['Buildings', 'Gameplay'])
[2025-05-23 12:11:58] Mod: "More Sitting Animation.mod" (ID: ) senza tag o info corrotto, assegnato a Miscellanious
[2025-05-23 12:11:58] Mod: "Genesis.mod" (ID: ) senza tag o info corrotto, assegnato a Miscellanious
[2025-05-23 12:11:58] Mod: "Project -Ultimate Anim Patch-.mod" (ID: ) senza tag o info corrotto, assegnato a Miscellanious
[2025-05-23 12:11:58] Mod: "Underwear Restored.mod" (ID: ) senza tag o info corrotto, assegnato a Miscellanious
[2025-05-23 12:11:58] Mod: "Heavy weapon combat stance [MCS patch].mod" (ID: ) senza tag o info corrotto, assegnato a Miscellanious
[2025-05-23 12:11:58] Mod: "Heavy weapon combat stance.mod" (ID: ) senza tag o info corrotto, assegnato a Miscellanious
[2025-05-23 12:11:58] Mod: "More Dogs.mod" assegnato a "[3]----------[New Races, Race edit, Cosmetics]----------.mod" (tag corrispondenti: ['Clothing/Armour', 'Environment/Map', 'Factions', 'Gameplay', 'Races'])
[2025-05-23 12:11:58] Mod: "BigBusiness.mod" (ID: ) senza tag o info corrotto, assegnato a Miscellanious
[2025-05-23 12:11:58] Mod: "PolearmBladesUP.mod" (ID: ) senza tag o info corrotto, assegnato a Miscellanious
[2025-05-23 12:11:58] Mod: "RadiantFaces.mod" assegnato a "[3]----------[New Races, Race edit, Cosmetics]----------.mod" (tag corrispondenti: ['Characters', 'Graphical', 'Races'])
[2025-05-23 12:11:58] Mod: "Better Night Sky and Planet Textures.mod" (ID: ) senza tag o info corrotto, assegnato a Miscellanious
[2025-05-23 12:11:58] Mod: "Metal Framework.mod" assegnato a "[6]----------[Buildings]----------.mod" (tag corrispondenti: ['Buildings', 'Gameplay', 'Graphical', 'GUI'])
[2025-05-23 12:11:58] Mod: "FlavorText+.mod" (ID: ) senza tag o info corrotto, assegnato a Miscellanious
[2025-05-23 12:11:58] Mod: "Immersive non-combat animations.mod" assegnato a "[3]----------[New Races, Race edit, Cosmetics]----------.mod" (tag corrispondenti: ['Characters', 'Graphical', 'Races'])
[2025-05-23 12:11:58] Mod: "Unofficial Patches for Kenshi.mod" assegnato a "[6]----------[Buildings]----------.mod" (tag corrispondenti: ['Buildings', 'Characters', 'Clothing/Armour', 'Environment/Map', 'Factions', 'Gameplay', 'Graphical', 'Items/Weapons', 'Races', 'Research', 'Total Overhaul'])
[2025-05-23 12:11:58] Mod: "Great Anims Mod.mod" (ID: ) senza tag o info corrotto, assegnato a Miscellanious
[2025-05-23 12:11:58] Mod: "CBT Vanilla Hair Fix.mod" (ID: ) senza tag o info corrotto, assegnato a Miscellanious
[2025-05-23 12:11:58] Mod: "SheeshSkins x MaleGreenlanderFace.mod" assegnato a "[3]----------[New Races, Race edit, Cosmetics]----------.mod" (tag corrispondenti: ['Characters', 'Races'])
[2025-05-23 12:11:58] Mod: "KPM_Performance_Particles.mod" (ID: ) senza tag o info corrotto, assegnato a Miscellanious
[2025-05-23 12:11:58] Mod: "SheeshSkins x FemaleGreenlanderFace.mod" assegnato a "[3]----------[New Races, Race edit, Cosmetics]----------.mod" (tag corrispondenti: ['Characters', 'Races'])
[2025-05-23 12:11:58] Mod: "sleepanim.mod" (ID: ) senza tag o info corrotto, assegnato a Miscellanious
[2025-05-23 12:11:58] Mod: "SheeshSkins x FemaleScorchlanderFace.mod" assegnato a "[3]----------[New Races, Race edit, Cosmetics]----------.mod" (tag corrispondenti: ['Characters', 'Races'])
[2025-05-23 12:11:58] Mod: "IdlePose_Caeda.mod" (ID: ) senza tag o info corrotto, assegnato a Miscellanious
[2025-05-23 12:11:58] Mod: "Animal Variations.mod" assegnato a "[3]----------[New Races, Race edit, Cosmetics]----------.mod" (tag corrispondenti: ['Characters', 'Races'])
[2025-05-23 12:11:58] Mod: "Kenshi Load Order Organizer.mod" (ID: ) senza tag o info corrotto, assegnato a Miscellanious
[2025-05-23 12:11:58] Mod: "[1]----------[UI, Graphics, Performance]----------.mod" (ID: ) senza tag o info corrotto, assegnato a Miscellanious
[2025-05-23 12:11:58] Mod: "[2]----------[Animations]----------.mod" (ID: ) senza tag o info corrotto, assegnato a Miscellanious
[2025-05-23 12:11:58] Mod: "[3]----------[New Races, Race edit, Cosmetics]----------.mod" (ID: ) senza tag o info corrotto, assegnato a Miscellanious
[2025-05-23 12:11:58] Mod: "[4]----------[Game Starts, Minor NPC, Animals]----------.mod" (ID: ) senza tag o info corrotto, assegnato a Miscellanious
[2025-05-23 12:11:58] Mod: "[5]----------[Faction edits, Minor Faction, Bounties]----------.mod" (ID: ) senza tag o info corrotto, assegnato a Miscellanious
[2025-05-23 12:11:58] Mod: "[6]----------[Buildings]----------.mod" (ID: ) senza tag o info corrotto, assegnato a Miscellanious
[2025-05-23 12:11:58] Mod: "[7]----------[Armor & Weapons]----------.mod" (ID: ) senza tag o info corrotto, assegnato a Miscellanious
[2025-05-23 12:11:58] Mod: "[8]----------[Overhauls & World Changes]----------.mod" (ID: ) senza tag o info corrotto, assegnato a Miscellanious
[2025-05-23 12:11:58] Mod: "[9]----------[Patches]----------.mod" (ID: ) senza tag o info corrotto, assegnato a Miscellanious
[2025-05-23 12:11:58] Mod: "[10]----------[Economy]----------.mod" (ID: ) senza tag o info corrotto, assegnato a Miscellanious
[2025-05-23 12:11:58] Mod: "IdlePose_Ayanami.mod" (ID: ) senza tag o info corrotto, assegnato a Miscellanious
[2025-05-23 12:11:58] Mod: "Strategic Ambiguity.mod" (ID: ) senza tag o info corrotto, assegnato a Miscellanious
[2025-05-23 12:11:58] Mod: "NO Human ladies muscle def, but thicc shek babes are fine.mod" assegnato a "[3]----------[New Races, Race edit, Cosmetics]----------.mod" (tag corrispondenti: ['Characters', 'Graphical', 'Races'])
[2025-05-23 12:11:58] Mod: "[11]----------[Miscellanious]----------.mod" (ID: ) senza tag o info corrotto, assegnato a Miscellanious
[2025-05-23 12:11:58] Mod: "01.mod" (ID: ) senza tag o info corrotto, assegnato a Miscellanious
[2025-05-23 12:11:58] Mod: "DigCombatAnimation.mod" (ID: ) senza tag o info corrotto, assegnato a Miscellanious
[2025-05-23 12:11:58] Mod: "CBT YANM & Community Part Map -  Invisible Arms Fix.mod" (ID: ) senza tag o info corrotto, assegnato a Miscellanious
[2025-05-23 12:11:58] Mod: "IdlePose_Hands_behind_Back.mod" (ID: ) senza tag o info corrotto, assegnato a Miscellanious
[2025-05-23 12:11:58] Mod: "Portable Dried Meat Storage.mod" assegnato a "[6]----------[Buildings]----------.mod" (tag corrispondenti: ['Buildings', 'Gameplay', 'Items/Weapons'])
[2025-05-23 12:11:58] Mod: "Animal Variations Patch.mod" (ID: ) senza tag o info corrotto, assegnato a Miscellanious
[2025-05-23 12:11:58] Mod: "[1.2]--------------------(Graphics).mod" (ID: ) senza tag o info corrotto, assegnato a Miscellanious
[2025-05-23 12:11:58] Mod: "[1.3]--------------------(Performance).mod" (ID: ) senza tag o info corrotto, assegnato a Miscellanious
[2025-05-23 12:11:58] Mod: "[8.1]--------------------(Combat).mod" (ID: ) senza tag o info corrotto, assegnato a Miscellanious
[2025-05-23 12:11:58] Mod: "[9.2]--------------------(Animation Patches).mod" (ID: ) senza tag o info corrotto, assegnato a Miscellanious
[2025-05-23 12:11:58] Mod: "MCA Battle Fury.mod" assegnato a "[3]----------[New Races, Race edit, Cosmetics]----------.mod" (tag corrispondenti: ['Characters', 'Gameplay', 'Races', 'Total Overhaul'])
[2025-05-23 12:11:58] Mod: "Great Anims_Rebalance.mod" (ID: ) senza tag o info corrotto, assegnato a Miscellanious
[2025-05-23 12:11:58] Mod: "DigCombat_skill_limits.mod" (ID: ) senza tag o info corrotto, assegnato a Miscellanious
[2025-05-23 12:11:58] Mod: "roro hair.mod" assegnato a "[3]----------[New Races, Race edit, Cosmetics]----------.mod" (tag corrispondenti: ['Characters', 'Races'])
[2025-05-23 12:11:58] Mod: "YAKNM - Collection Pack.mod" (ID: ) senza tag o info corrotto, assegnato a Miscellanious
[2025-05-23 12:11:58] Mod: "Animation - Collection Pack.mod" (ID: ) senza tag o info corrotto, assegnato a Miscellanious
[2025-05-23 12:11:58] Mod: "IdlePose_Idol.mod" (ID: ) senza tag o info corrotto, assegnato a Miscellanious
[2025-05-23 12:11:58] Mod: "Clothing and Light Armor.mod" (ID: ) senza tag o info corrotto, assegnato a Miscellanious
[2025-05-23 12:11:58] Mod: "Pathfinding - Collection Pack.mod" assegnato a "[3]----------[New Races, Race edit, Cosmetics]----------.mod" (tag corrispondenti: ['Characters', 'Gameplay', 'Races', 'Total Overhaul'])
[2025-05-23 12:11:58] Mod: "Armor - Collection Pack.mod" (ID: ) senza tag o info corrotto, assegnato a Miscellanious
[2025-05-23 12:11:58] Mod: "Dropped in Style.mod" (ID: ) senza tag o info corrotto, assegnato a Miscellanious
[2025-05-23 12:11:58] Mod: "Slightly Adjusted Blunt Weapons.mod" (ID: ) senza tag o info corrotto, assegnato a Miscellanious
[2025-05-23 12:11:58] Mod: "BetterVendorLists.mod" (ID: ) senza tag o info corrotto, assegnato a Miscellanious
[2025-05-23 12:11:58] Mod: "MoodLighting.mod" (ID: ) senza tag o info corrotto, assegnato a Miscellanious
[2025-05-23 12:11:58] Mod: "MoodWeather.mod" (ID: ) senza tag o info corrotto, assegnato a Miscellanious
[2025-05-23 12:11:58] Mod: "CrunkTweakCompilation.mod" (ID: ) senza tag o info corrotto, assegnato a Miscellanious
[2025-05-23 12:11:58] Mod: "HHI_Character_Retexture.mod" assegnato a "[3]----------[New Races, Race edit, Cosmetics]----------.mod" (tag corrispondenti: ['Characters', 'Graphical', 'Races'])
[2025-05-23 12:11:58] Mod: "HHI_Character_Retexture patch.mod" assegnato a "[3]----------[New Races, Race edit, Cosmetics]----------.mod" (tag corrispondenti: ['Races'])
[2025-05-23 12:11:58] Mod: "FASTR.mod" (ID: ) senza tag o info corrotto, assegnato a Miscellanious
[2025-05-23 12:11:58] Mod: "JF HackersReskinned.mod" (ID: ) senza tag o info corrotto, assegnato a Miscellanious
[2025-05-23 12:11:58] Mod: "Many More Beards.mod" (ID: ) senza tag o info corrotto, assegnato a Miscellanious
[2025-05-23 12:11:58] Mod: "Many More Hairs.mod" (ID: ) senza tag o info corrotto, assegnato a Miscellanious
[2025-05-23 12:11:58] Mod: "Accurate Zones Patch.mod" (ID: ) senza tag o info corrotto, assegnato a Miscellanious
[2025-05-23 12:11:58] Mod: "NudeMod+18 vanilla.mod" assegnato a "[3]----------[New Races, Race edit, Cosmetics]----------.mod" (tag corrispondenti: ['Characters', 'Gameplay', 'Graphical', 'Races'])
[2025-05-23 12:11:58] Mod: "Re Faces.mod" assegnato a "[3]----------[New Races, Race edit, Cosmetics]----------.mod" (tag corrispondenti: ['Characters', 'Factions', 'Gameplay', 'Graphical', 'Races'])
[2025-05-23 12:11:58] Mod: "KPM_LEM.mod" (ID: ) senza tag o info corrotto, assegnato a Miscellanious
[2025-05-23 12:11:58] Mod: "Pretty Stuff.mod" (ID: ) senza tag o info corrotto, assegnato a Miscellanious
[2025-05-23 12:11:58] Mod: "FASTR Reactive World.mod" (ID: ) senza tag o info corrotto, assegnato a Miscellanious
[2025-05-23 12:11:58] Mod: "RadiantFacesFixes.mod" assegnato a "[3]----------[New Races, Race edit, Cosmetics]----------.mod" (tag corrispondenti: ['Characters', 'Graphical', 'Races'])
[2025-05-23 12:11:58] Mod: "256 Recruits - V.1.0.68.mod" (ID: ) senza tag o info corrotto, assegnato a Miscellanious
[2025-05-23 12:11:58] Mod: "BeautifulBodiesAndFaces.mod" assegnato a "[3]----------[New Races, Race edit, Cosmetics]----------.mod" (tag corrispondenti: ['Characters', 'Graphical', 'Races'])
[2025-05-23 12:11:58] Mod: "BBAFMegapatch.mod" assegnato a "[3]----------[New Races, Race edit, Cosmetics]----------.mod" (tag corrispondenti: ['Characters', 'Graphical', 'GUI', 'Races'])
[2025-05-23 12:11:58] Mod: "Heightmap Fix.mod" (ID: ) senza tag o info corrotto, assegnato a Miscellanious
[2025-05-23 12:11:58] Mod: "Henkas Bar Mod.mod" assegnato a "[6]----------[Buildings]----------.mod" (tag corrispondenti: ['Buildings', 'Environment/Map', 'Total Overhaul'])
[2025-05-23 12:11:58] Mod: "CATO Reactive World.mod" assegnato a "[6]----------[Buildings]----------.mod" (tag corrispondenti: ['Buildings', 'Environment/Map', 'GUI', 'Total Overhaul'])
[2025-05-23 12:11:58] Mod: "ReWeapon.mod" (ID: ) senza tag o info corrotto, assegnato a Miscellanious
[2025-05-23 12:11:58] Mod: "256 Squad Limit.mod" assegnato tramite masterlist a "[8.1]--------------------(Combat).mod"
[2025-05-23 12:11:58] Mod: "RecruitPrisoners.mod" assegnato tramite masterlist a "[6]----------[Buildings]----------.mod"
[2025-05-23 12:11:58] Mod: "citizens.mod" assegnato tramite masterlist a "[8]----------[Overhauls & World Changes]----------.mod"
[2025-05-23 12:11:58] Mod: "Copper drill.mod" assegnato a "[6]----------[Buildings]----------.mod" (tag corrispondenti: ['Buildings', 'Gameplay', 'Research'])
[2025-05-23 12:11:58] Mod: "Shidan's Tweaks & Fixes.mod" assegnato a "[6]----------[Buildings]----------.mod" (tag corrispondenti: ['Buildings', 'Characters', 'Clothing/Armour', 'Factions', 'Gameplay', 'Items/Weapons', 'Research'])
[2025-05-23 12:11:58] Ordinamento completato con successo.
